2016-05-29 22:27:57.663  INFO 70108 --- [main] spring.boot.sample.interceptor.AppMain   : Starting AppMain on MacBook-Pro.local with PID 70108 (/Users/baidu/Documents/workspace/com.scottzzq.spring-boot-mybatis.sample/target/classes started by baidu in /Users/baidu/Documents/workspace/com.scottzzq.spring-boot-mybatis.sample)
2016-05-29 22:27:57.667  INFO 70108 --- [main] spring.boot.sample.interceptor.AppMain   : No active profile set, falling back to default profiles: default
2016-05-29 22:27:57.772  INFO 70108 --- [main] ationConfigEmbeddedWebApplicationContext : Refreshing org.springframework.boot.context.embedded.AnnotationConfigEmbeddedWebApplicationContext@45afc369: startup date [Sun May 29 22:27:57 CST 2016]; root of context hierarchy
2016-05-29 22:27:58.916  INFO 70108 --- [main] o.s.b.f.s.DefaultListableBeanFactory     : Overriding bean definition for bean 'beanNameViewResolver' with a different definition: replacing [Root bean: class [null]; scope=; abstract=false; lazyInit=false; autowireMode=3; dependencyCheck=0; autowireCandidate=true; primary=false; factoryBeanName=org.springframework.boot.autoconfigure.web.ErrorMvcAutoConfiguration$WhitelabelErrorViewConfiguration; factoryMethodName=beanNameViewResolver; initMethodName=null; destroyMethodName=(inferred); defined in class path resource [org/springframework/boot/autoconfigure/web/ErrorMvcAutoConfiguration$WhitelabelErrorViewConfiguration.class]] with [Root bean: class [null]; scope=; abstract=false; lazyInit=false; autowireMode=3; dependencyCheck=0; autowireCandidate=true; primary=false; factoryBeanName=org.springframework.boot.autoconfigure.web.WebMvcAutoConfiguration$WebMvcAutoConfigurationAdapter; factoryMethodName=beanNameViewResolver; initMethodName=null; destroyMethodName=(inferred); defined in class path resource [org/springframework/boot/autoconfigure/web/WebMvcAutoConfiguration$WebMvcAutoConfigurationAdapter.class]]
2016-05-29 22:27:59.549  INFO 70108 --- [main] trationDelegate$BeanPostProcessorChecker : Bean 'org.springframework.transaction.annotation.ProxyTransactionManagementConfiguration' of type [class org.springframework.transaction.annotation.ProxyTransactionManagementConfiguration$$EnhancerBySpringCGLIB$$46d26e02] is not eligible for getting processed by all BeanPostProcessors (for example: not eligible for auto-proxying)
2016-05-29 22:28:00.121  INFO 70108 --- [main] s.b.c.e.t.TomcatEmbeddedServletContainer : Tomcat initialized with port(s): 8080 (http)
2016-05-29 22:28:00.136  INFO 70108 --- [main] o.apache.catalina.core.StandardService   : Starting service Tomcat
2016-05-29 22:28:00.139  INFO 70108 --- [main] org.apache.catalina.core.StandardEngine  : Starting Servlet Engine: Apache Tomcat/8.0.30
2016-05-29 22:28:00.520  INFO 70108 --- [localhost-startStop-1] org.apache.jasper.servlet.TldScanner     : At least one JAR was scanned for TLDs yet contained no TLDs. Enable debug logging for this logger for a complete list of JARs that were scanned but no TLDs were found in them. Skipping unneeded JARs during scanning can improve startup time and JSP compilation time.
2016-05-29 22:28:00.524  INFO 70108 --- [localhost-startStop-1] o.a.c.c.C.[Tomcat].[localhost].[/]       : Initializing Spring embedded WebApplicationContext
2016-05-29 22:28:00.524  INFO 70108 --- [localhost-startStop-1] o.s.web.context.ContextLoader            : Root WebApplicationContext: initialization completed in 2756 ms
2016-05-29 22:28:00.986  INFO 70108 --- [localhost-startStop-1] o.s.b.c.e.ServletRegistrationBean        : Mapping servlet: 'dispatcherServlet' to [/]
2016-05-29 22:28:00.991  INFO 70108 --- [localhost-startStop-1] o.s.b.c.embedded.FilterRegistrationBean  : Mapping filter: 'characterEncodingFilter' to: [/*]
2016-05-29 22:28:00.992  INFO 70108 --- [localhost-startStop-1] o.s.b.c.embedded.FilterRegistrationBean  : Mapping filter: 'springSessionRepositoryFilter' to: [/*]
2016-05-29 22:28:00.993  INFO 70108 --- [localhost-startStop-1] o.s.b.c.embedded.FilterRegistrationBean  : Mapping filter: 'hiddenHttpMethodFilter' to: [/*]
2016-05-29 22:28:00.993  INFO 70108 --- [localhost-startStop-1] o.s.b.c.embedded.FilterRegistrationBean  : Mapping filter: 'httpPutFormContentFilter' to: [/*]
2016-05-29 22:28:00.993  INFO 70108 --- [localhost-startStop-1] o.s.b.c.embedded.FilterRegistrationBean  : Mapping filter: 'requestContextFilter' to: [/*]
2016-05-29 22:28:02.107  INFO 70108 --- [main] j.LocalContainerEntityManagerFactoryBean : Building JPA container EntityManagerFactory for persistence unit 'default'
2016-05-29 22:28:02.122  INFO 70108 --- [main] o.hibernate.jpa.internal.util.LogHelper  : HHH000204: Processing PersistenceUnitInfo [
	name: default
	...]
2016-05-29 22:28:02.367  INFO 70108 --- [main] org.hibernate.Version                    : HHH000412: Hibernate Core {4.3.11.Final}
2016-05-29 22:28:02.369  INFO 70108 --- [main] org.hibernate.cfg.Environment            : HHH000206: hibernate.properties not found
2016-05-29 22:28:02.372  INFO 70108 --- [main] org.hibernate.cfg.Environment            : HHH000021: Bytecode provider name : javassist
2016-05-29 22:28:02.570  INFO 70108 --- [main] o.hibernate.annotations.common.Version   : HCANN000001: Hibernate Commons Annotations {4.0.5.Final}
2016-05-29 22:28:02.648  INFO 70108 --- [main] org.hibernate.dialect.Dialect            : HHH000400: Using dialect: org.hibernate.dialect.MySQL5Dialect
2016-05-29 22:28:02.705  INFO 70108 --- [main] o.h.h.i.ast.ASTQueryTranslatorFactory    : HHH000397: Using ASTQueryTranslatorFactory
2016-05-29 22:28:03.179  INFO 70108 --- [main] s.w.s.m.m.a.RequestMappingHandlerAdapter : Looking for @ControllerAdvice: org.springframework.boot.context.embedded.AnnotationConfigEmbeddedWebApplicationContext@45afc369: startup date [Sun May 29 22:27:57 CST 2016]; root of context hierarchy
2016-05-29 22:28:03.288  INFO 70108 --- [main] s.w.s.m.m.a.RequestMappingHandlerMapping : Mapped "{[/session/uid]}" onto java.lang.String spring.boot.sample.interceptor.HelloController.uid(javax.servlet.http.HttpSession) throws java.lang.InterruptedException
2016-05-29 22:28:03.292  INFO 70108 --- [main] s.w.s.m.m.a.RequestMappingHandlerMapping : Mapped "{[/error]}" onto public org.springframework.http.ResponseEntity<java.util.Map<java.lang.String, java.lang.Object>> org.springframework.boot.autoconfigure.web.BasicErrorController.error(javax.servlet.http.HttpServletRequest)
2016-05-29 22:28:03.293  INFO 70108 --- [main] s.w.s.m.m.a.RequestMappingHandlerMapping : Mapped "{[/error],produces=[text/html]}" onto public org.springframework.web.servlet.ModelAndView org.springframework.boot.autoconfigure.web.BasicErrorController.errorHtml(javax.servlet.http.HttpServletRequest,javax.servlet.http.HttpServletResponse)
2016-05-29 22:28:03.328  INFO 70108 --- [main] o.s.w.s.handler.SimpleUrlHandlerMapping  : Mapped URL path [/webjars/**] onto handler of type [class org.springframework.web.servlet.resource.ResourceHttpRequestHandler]
2016-05-29 22:28:03.328  INFO 70108 --- [main] o.s.w.s.handler.SimpleUrlHandlerMapping  : Mapped URL path [/**] onto handler of type [class org.springframework.web.servlet.resource.ResourceHttpRequestHandler]
2016-05-29 22:28:03.380  INFO 70108 --- [main] o.s.w.s.handler.SimpleUrlHandlerMapping  : Mapped URL path [/**/favicon.ico] onto handler of type [class org.springframework.web.servlet.resource.ResourceHttpRequestHandler]
2016-05-29 22:28:03.639  INFO 70108 --- [main] o.s.j.e.a.AnnotationMBeanExporter        : Registering beans for JMX exposure on startup
2016-05-29 22:28:03.647  INFO 70108 --- [main] o.s.c.support.DefaultLifecycleProcessor  : Starting beans in phase 2147483647
2016-05-29 22:28:03.776  INFO 70108 --- [main] s.b.c.e.t.TomcatEmbeddedServletContainer : Tomcat started on port(s): 8080 (http)
2016-05-29 22:28:03.784  INFO 70108 --- [main] spring.boot.sample.interceptor.AppMain   : Started AppMain in 6.817 seconds (JVM running for 7.23)
2016-05-29 22:28:21.119  INFO 70108 --- [http-nio-8080-exec-1] o.a.c.c.C.[Tomcat].[localhost].[/]       : Initializing Spring FrameworkServlet 'dispatcherServlet'
2016-05-29 22:28:21.120  INFO 70108 --- [http-nio-8080-exec-1] o.s.web.servlet.DispatcherServlet        : FrameworkServlet 'dispatcherServlet': initialization started
2016-05-29 22:28:21.132  INFO 70108 --- [http-nio-8080-exec-1] o.s.web.servlet.DispatcherServlet        : FrameworkServlet 'dispatcherServlet': initialization completed in 12 ms
2016-05-29 22:28:21.292  INFO 70108 --- [http-nio-8080-exec-1] s.b.sample.interceptor.LogInterceptor    : URL:http://127.0.0.1:8080/session/uid cost time:125 ms
2016-05-29 22:29:37.053  INFO 70108 --- [Thread-5] ationConfigEmbeddedWebApplicationContext : Closing org.springframework.boot.context.embedded.AnnotationConfigEmbeddedWebApplicationContext@45afc369: startup date [Sun May 29 22:27:57 CST 2016]; root of context hierarchy
2016-05-29 22:29:37.056  INFO 70108 --- [Thread-5] o.s.c.support.DefaultLifecycleProcessor  : Stopping beans in phase 2147483647
2016-05-29 22:29:37.060  INFO 70108 --- [Thread-5] o.s.j.e.a.AnnotationMBeanExporter        : Unregistering JMX-exposed beans on shutdown
2016-05-29 22:29:37.065  INFO 70108 --- [Thread-5] j.LocalContainerEntityManagerFactoryBean : Closing JPA EntityManagerFactory for persistence unit 'default'
